#
#model:
#
#<?xml version="1.0" encoding="UTF-8" standalone="no"?><input id="posterior" spec="beast.core.util.CompoundDistribution">
#    <distribution id="prior" spec="beast.core.util.CompoundDistribution">
#        <distribution id="BirthDeathModel" spec="beast.evolution.speciation.BirthDeathGernhard08Model">
#            <parameter id="ExtinctionFraction" name="relativeDeathRate" spec="beast.core.parameter.RealParameter">0.5</parameter>
#            <parameter id="netDiversificationRate" name="birthDiffRate" spec="beast.core.parameter.RealParameter">1.0</parameter>
#            <tree id="Tree" spec="beast.evolution.tree.Tree">
#                <taxonset id="TaxonSet" spec="beast.evolution.alignment.TaxonSet">
#                </taxonset>
#            </tree>
#        </distribution>
#        <prior id="DiversificationPrior" name="distribution" x="@netDiversificationRate">
#            <Uniform id="Uniform.0" name="distr" upper="1000000.0"/>
#        </prior>
#        <prior id="ExtinctionFractionPrior" name="distribution" x="@ExtinctionFraction">
#            <Uniform id="Uniform.1" name="distr"/>
#        </prior>
#        <prior id="OrigTimePrior" name="distribution">
#            <parameter id="OrigTime" name="x" spec="beast.core.parameter.RealParameter">1.0</parameter>
#            <Uniform id="Uniform.2" name="distr"/>
#        </prior>
#    </distribution>
#    <distribution id="likelihood" spec="beast.core.util.CompoundDistribution">
#        <distribution data="@CNAprofile" id="DipOrigLikelihood" origtime="@OrigTime" spec="beast.evolution.likelihood.DiploidOriginLikelihood" tree="@Tree">
#            <siteModel id="SiteModel" spec="beast.evolution.sitemodel.SiteModel">
#                <substModel id="BD" spec="beast.evolution.substitutionmodel.BD">
#                    <parameter id="RealParameter" lower="0.0" name="nstates" spec="beast.core.parameter.RealParameter" upper="0.0">30.0</parameter>
#                </substModel>
#            </siteModel>
#            <branchRateModel id="StrictClock" spec="beast.evolution.branchratemodel.StrictClockModel">
#                <parameter estimate="false" id="clockRate" name="clock.rate" spec="beast.core.parameter.RealParameter">1.0</parameter>
#            </branchRateModel>
#        </distribution>
#    </distribution>
#</input>
#
Sample	posterior	likelihood	prior	TreeHeight	BirthDeathModel	OrigTime	netDiversificationRate	ExtinctionFraction
0	-1527341.9466878308	-1527369.9164498327	27.969762001818196	1.0598051889902846	41.78527255978247	1.0	1.0	0.8073721710870467
